[debug] [2021-08-11T19:11:39.727Z] ----------------------------------------------------------------------
[debug] [2021-08-11T19:11:39.730Z] Command:       C:\Program Files (x86)\nodejs\node.exe C:\Users\user\AppData\Roaming\npm\node_modules\firebase-tools\lib\bin\firebase.js init
[debug] [2021-08-11T19:11:39.730Z] CLI Version:   9.16.0
[debug] [2021-08-11T19:11:39.730Z] Platform:      win32
[debug] [2021-08-11T19:11:39.731Z] Node Version:  v14.15.4
[debug] [2021-08-11T19:11:39.732Z] Time:          Wed Aug 11 2021 21:11:39 GMT+0200 (Eastern European Standard Time)
[debug] [2021-08-11T19:11:39.732Z] ----------------------------------------------------------------------
[debug] 
[debug] [2021-08-11T19:11:39.738Z] > command requires scopes: ["email","openid","https://www.googleapis.com/auth/cloudplatformprojects.readonly","https://www.googleapis.com/auth/firebase","https://www.googleapis.com/auth/cloud-platform"]
[debug] [2021-08-11T19:11:39.738Z] > authorizing via signed-in user (omartareketman@gmail.com)
[info] 
     ######## #### ########  ######## ########     ###     ######  ########
     ##        ##  ##     ## ##       ##     ##  ##   ##  ##       ##
     ######    ##  ########  ######   ########  #########  ######  ######
     ##        ##  ##    ##  ##       ##     ## ##     ##       ## ##
     ##       #### ##     ## ######## ########  ##     ##  ######  ########

You're about to initialize a Firebase project in this directory:

  C:\Users\user\Desktop\netflix-clone\netflix-clone

[info] 
=== Project Setup
[info] 
[info] First, let's associate this project directory with a Firebase project.
[info] You can create multiple project aliases by running firebase use --add, 
[info] but for now we'll just set up a default project.
[info] 
[debug] [2021-08-11T19:17:39.095Z] >>> [apiv2][query] GET https://firebase.googleapis.com/v1beta1/projects pageSize=100
[debug] [2021-08-11T19:17:39.605Z] <<< [apiv2][status] GET https://firebase.googleapis.com/v1beta1/projects 200
[debug] [2021-08-11T19:17:39.605Z] <<< [apiv2][body] GET https://firebase.googleapis.com/v1beta1/projects [omitted]
[info] i  Using project netflix-clone-et-92056 (netflix-clone-et) 
[info] 
=== Hosting Setup
[info] 
[info] Your public directory is the folder (relative to your project directory) that
[info] will contain Hosting assets to be uploaded with firebase deploy. If you
[info] have a build process for your assets, use your build's output directory.
[info] 
[debug] [2021-08-11T19:20:24.735Z] >>> [apiv2][query] GET https://www.gstatic.com/firebasejs/releases.json [none]
[debug] [2021-08-11T19:20:25.079Z] <<< [apiv2][status] GET https://www.gstatic.com/firebasejs/releases.json 200
[debug] [2021-08-11T19:20:25.080Z] <<< [apiv2][body] GET https://www.gstatic.com/firebasejs/releases.json {"current":{"version":"8.9.1","browserURL":"https://www.gstatic.com/firebasejs/8.9.1/firebase.js","packageURL":"https://www.gstatic.com/firebasejs/8.9.1/firebase.tgz"},"live":{"version":"8.9","browserURL":"https://www.gstatic.com/firebasejs/live/8.9/firebase.js","packageURL":"https://www.gstatic.com/firebasejs/live/8.9/firebase.tgz"},"components":{"analytics":"https://www.gstatic.com/firebasejs/8.9.1/firebase-analytics.js","app":"https://www.gstatic.com/firebasejs/8.9.1/firebase-app.js","app-check":"https://www.gstatic.com/firebasejs/8.9.1/firebase-app-check.js","auth":"https://www.gstatic.com/firebasejs/8.9.1/firebase-auth.js","database":"https://www.gstatic.com/firebasejs/8.9.1/firebase-database.js","firestore":"https://www.gstatic.com/firebasejs/8.9.1/firebase-firestore.js","functions":"https://www.gstatic.com/firebasejs/8.9.1/firebase-functions.js","installations":"https://www.gstatic.com/firebasejs/8.9.1/firebase-installations.js","messaging":"https://www.gstatic.com/firebasejs/8.9.1/firebase-messaging.js","storage":"https://www.gstatic.com/firebasejs/8.9.1/firebase-storage.js","performance":"https://www.gstatic.com/firebasejs/8.9.1/firebase-performance.js","remote-config":"https://www.gstatic.com/firebasejs/8.9.1/firebase-remote-config.js","firestore.memory":"https://www.gstatic.com/firebasejs/8.9.1/firebase-firestore.memory.js"}}
[info] +  Wrote build/index.html 
[info] 
[info] i  Detected a .git folder at C:\Users\user\Desktop\netflix-clone\netflix-clone 
[info] i  Authorizing with GitHub to upload your service account to a GitHub repository's secrets store. 
[info] 
[info] Visit this URL on this device to log in:
[info] https://github.com/login/oauth/authorize?client_id=89cf50f02ac6aaed3484&state=347892489&redirect_uri=http%3A%2F%2Flocalhost%3A9005&scope=read%3Auser%20repo%20public_repo
[info] 
[info] Waiting for authentication...
[debug] [2021-08-11T19:20:34.605Z] >>> HTTP REQUEST POST https://github.com/login/oauth/access_token  
 {"client_id":"89cf50f02ac6aaed3484","client_secret":"3330d14abc895d9a74d5f17cd7a00711fa2c5bf0","code":"6ef2d74642221a3bac77","redirect_uri":"http://localhost:9005","state":"347892489"}
[debug] [2021-08-11T19:20:35.070Z] <<< HTTP RESPONSE 200 {"server":"GitHub.com","date":"Wed, 11 Aug 2021 19:20:35 GMT","content-type":"application/json; charset=utf-8","transfer-encoding":"chunked","vary":"X-PJAX, Accept-Encoding, Accept, X-Requested-With","permissions-policy":"interest-cohort=()","etag":"W/\"ba959e217066281e24a49737258c1688\"","cache-control":"max-age=0, private, must-revalidate","strict-transport-security":"max-age=31536000; includeSubdomains; preload","x-frame-options":"deny","x-content-type-options":"nosniff","x-xss-protection":"0","referrer-policy":"origin-when-cross-origin, strict-origin-when-cross-origin","expect-ct":"max-age=2592000, report-uri=\"https://api.github.com/_private/browser/errors\"","content-security-policy":"default-src 'none'; base-uri 'self'; block-all-mixed-content; connect-src 'self' uploads.github.com www.githubstatus.com collector.githubapp.com api.github.com github-cloud.s3.amazonaws.com github-production-repository-file-5c1aeb.s3.amazonaws.com github-production-upload-manifest-file-7fdce7.s3.amazonaws.com github-production-user-asset-6210df.s3.amazonaws.com cdn.optimizely.com logx.optimizely.com/v1/events translator.github.com wss://alive.github.com; font-src github.githubassets.com; form-action 'self' github.com gist.github.com; frame-ancestors 'none'; frame-src render.githubusercontent.com render-temp.githubusercontent.com viewscreen.githubusercontent.com; img-src 'self' data: github.githubassets.com identicons.github.com collector.githubapp.com github-cloud.s3.amazonaws.com secured-user-images.githubusercontent.com/ *.githubusercontent.com; manifest-src 'self'; media-src 'none'; script-src github.githubassets.com; style-src 'unsafe-inline' github.githubassets.com; worker-src github.com/socket-worker-3f088aa2.js gist.github.com/socket-worker-3f088aa2.js","x-github-request-id":"C596:5C49:2303:2581:61142303"}
[debug] [2021-08-11T19:20:35.075Z] >>> [apiv2][query] GET https://api.github.com/user [none]
[debug] [2021-08-11T19:20:35.550Z] <<< [apiv2][status] GET https://api.github.com/user 200
[debug] [2021-08-11T19:20:35.551Z] <<< [apiv2][body] GET https://api.github.com/user {"login":"omar-etman","id":76541856,"node_id":"MDQ6VXNlcjc2NTQxODU2","avatar_url":"https://avatars.githubusercontent.com/u/76541856?v=4","gravatar_id":"","url":"https://api.github.com/users/omar-etman","html_url":"https://github.com/omar-etman","followers_url":"https://api.github.com/users/omar-etman/followers","following_url":"https://api.github.com/users/omar-etman/following{/other_user}","gists_url":"https://api.github.com/users/omar-etman/gists{/gist_id}","starred_url":"https://api.github.com/users/omar-etman/starred{/owner}{/repo}","subscriptions_url":"https://api.github.com/users/omar-etman/subscriptions","organizations_url":"https://api.github.com/users/omar-etman/orgs","repos_url":"https://api.github.com/users/omar-etman/repos","events_url":"https://api.github.com/users/omar-etman/events{/privacy}","received_events_url":"https://api.github.com/users/omar-etman/received_events","type":"User","site_admin":false,"name":"Omar T.Etman","company":null,"blog":"","location":"Cairo . Egypt","email":null,"hireable":null,"bio":null,"twitter_username":null,"public_repos":15,"public_gists":0,"followers":1,"following":2,"created_at":"2020-12-24T01:18:57Z","updated_at":"2021-08-11T19:20:34Z","private_gists":0,"total_private_repos":4,"owned_private_repos":4,"disk_usage":2313,"collaborators":0,"two_factor_authentication":false,"plan":{"name":"free","space":976562499,"collaborators":0,"private_repos":10000}}
[info] 
[info] +  Success! Logged into GitHub as omar-etman 
[info] 
